<?xml version="1.0" encoding="utf-8"?><testsuites name="pytest tests"><testsuite name="pytest" errors="0" failures="0" skipped="0" tests="9" time="0.932" timestamp="2026-05-15T09:26:24.140698+00:00" hostname="agent-env-1024b80d-2f0b-4bd8-9729-c23f450f4149"><testcase classname="backend.tests.test_leads_api.TestServiceStatus" name="test_root_ok" time="0.339" /><testcase classname="backend.tests.test_leads_api.TestOptions" name="test_options_structure" time="0.045" /><testcase classname="backend.tests.test_leads_api.TestLeadsCreate" name="test_create_valid_non_resource" time="0.114" /><testcase classname="backend.tests.test_leads_api.TestLeadsCreate" name="test_create_dedicated_resources_valid" time="0.048" /><testcase classname="backend.tests.test_leads_api.TestLeadsCreate" name="test_create_dedicated_resources_missing_resource" time="0.044" /><testcase classname="backend.tests.test_leads_api.TestLeadsCreate" name="test_create_invalid_requirement_type" time="0.045" /><testcase classname="backend.tests.test_leads_api.TestLeadsCreate" name="test_create_malformed_email" time="0.047" /><testcase classname="backend.tests.test_leads_api.TestLeadsCreate" name="test_create_missing_required_fields" time="0.049" /><testcase classname="backend.tests.test_leads_api.TestLeadsList" name="test_list_excludes_mongo_id_and_sorted_desc" time="0.044" /></testsuite></testsuites>